<?xml version="1.0" encoding="UTF-8"?>
<testsuite xmlns:xsi="http://www.w3.org/2001/XMLSchema-instance" xsi:noNamespaceSchemaLocation="https://maven.apache.org/surefire/maven-surefire-plugin/xsd/surefire-test-report.xsd" name="com.czp.project.OmProjectApplicationTests" time="17.177" tests="1" errors="0" skipped="0" failures="0">
  <properties>
    <property name="gopherProxySet" value="false"/>
    <property name="awt.toolkit" value="sun.lwawt.macosx.LWCToolkit"/>
    <property name="file.encoding.pkg" value="sun.io"/>
    <property name="java.specification.version" value="1.8"/>
    <property name="sun.cpu.isalist" value=""/>
    <property name="sun.jnu.encoding" value="UTF-8"/>
    <property name="java.class.path" value="/Users/mastercgx/eclipse/macwork/OM_project/target/test-classes:/Users/mastercgx/eclipse/macwork/OM_project/target/classes:/Users/mastercgx/JavaEE_work_use/maven/maven_repo/org/springframework/boot/spring-boot-starter-web/2.2.2.RELEASE/spring-boot-starter-web-2.2.2.RELEASE.jar:/Users/mastercgx/JavaEE_work_use/maven/maven_repo/org/springframework/boot/spring-boot-starter/2.2.2.RELEASE/spring-boot-starter-2.2.2.RELEASE.jar:/Users/mastercgx/JavaEE_work_use/maven/maven_repo/org/springframework/boot/spring-boot-starter-logging/2.2.2.RELEASE/spring-boot-starter-logging-2.2.2.RELEASE.jar:/Users/mastercgx/JavaEE_work_use/maven/maven_repo/ch/qos/logback/logback-classic/1.2.3/logback-classic-1.2.3.jar:/Users/mastercgx/JavaEE_work_use/maven/maven_repo/ch/qos/logback/logback-core/1.2.3/logback-core-1.2.3.jar:/Users/mastercgx/JavaEE_work_use/maven/maven_repo/org/apache/logging/log4j/log4j-to-slf4j/2.12.1/log4j-to-slf4j-2.12.1.jar:/Users/mastercgx/JavaEE_work_use/maven/maven_repo/org/apache/logging/log4j/log4j-api/2.12.1/log4j-api-2.12.1.jar:/Users/mastercgx/JavaEE_work_use/maven/maven_repo/org/slf4j/jul-to-slf4j/1.7.29/jul-to-slf4j-1.7.29.jar:/Users/mastercgx/JavaEE_work_use/maven/maven_repo/jakarta/annotation/jakarta.annotation-api/1.3.5/jakarta.annotation-api-1.3.5.jar:/Users/mastercgx/JavaEE_work_use/maven/maven_repo/org/yaml/snakeyaml/1.25/snakeyaml-1.25.jar:/Users/mastercgx/JavaEE_work_use/maven/maven_repo/org/springframework/boot/spring-boot-starter-json/2.2.2.RELEASE/spring-boot-starter-json-2.2.2.RELEASE.jar:/Users/mastercgx/JavaEE_work_use/maven/maven_repo/com/fasterxml/jackson/core/jackson-databind/2.10.1/jackson-databind-2.10.1.jar:/Users/mastercgx/JavaEE_work_use/maven/maven_repo/com/fasterxml/jackson/core/jackson-annotations/2.10.1/jackson-annotations-2.10.1.jar:/Users/mastercgx/JavaEE_work_use/maven/maven_repo/com/fasterxml/jackson/core/jackson-core/2.10.1/jackson-core-2.10.1.jar:/Users/mastercgx/JavaEE_work_use/maven/maven_repo/com/fasterxml/jackson/datatype/jackson-datatype-jdk8/2.10.1/jackson-datatype-jdk8-2.10.1.jar:/Users/mastercgx/JavaEE_work_use/maven/maven_repo/com/fasterxml/jackson/datatype/jackson-datatype-jsr310/2.10.1/jackson-datatype-jsr310-2.10.1.jar:/Users/mastercgx/JavaEE_work_use/maven/maven_repo/com/fasterxml/jackson/module/jackson-module-parameter-names/2.10.1/jackson-module-parameter-names-2.10.1.jar:/Users/mastercgx/JavaEE_work_use/maven/maven_repo/org/springframework/boot/spring-boot-starter-tomcat/2.2.2.RELEASE/spring-boot-starter-tomcat-2.2.2.RELEASE.jar:/Users/mastercgx/JavaEE_work_use/maven/maven_repo/org/apache/tomcat/embed/tomcat-embed-websocket/9.0.29/tomcat-embed-websocket-9.0.29.jar:/Users/mastercgx/JavaEE_work_use/maven/maven_repo/org/springframework/boot/spring-boot-starter-validation/2.2.2.RELEASE/spring-boot-starter-validation-2.2.2.RELEASE.jar:/Users/mastercgx/JavaEE_work_use/maven/maven_repo/jakarta/validation/jakarta.validation-api/2.0.1/jakarta.validation-api-2.0.1.jar:/Users/mastercgx/JavaEE_work_use/maven/maven_repo/org/hibernate/validator/hibernate-validator/6.0.18.Final/hibernate-validator-6.0.18.Final.jar:/Users/mastercgx/JavaEE_work_use/maven/maven_repo/org/jboss/logging/jboss-logging/3.4.1.Final/jboss-logging-3.4.1.Final.jar:/Users/mastercgx/JavaEE_work_use/maven/maven_repo/com/fasterxml/classmate/1.5.1/classmate-1.5.1.jar:/Users/mastercgx/JavaEE_work_use/maven/maven_repo/org/springframework/spring-web/5.2.2.RELEASE/spring-web-5.2.2.RELEASE.jar:/Users/mastercgx/JavaEE_work_use/maven/maven_repo/org/springframework/spring-beans/5.2.2.RELEASE/spring-beans-5.2.2.RELEASE.jar:/Users/mastercgx/JavaEE_work_use/maven/maven_repo/org/springframework/spring-webmvc/5.2.2.RELEASE/spring-webmvc-5.2.2.RELEASE.jar:/Users/mastercgx/JavaEE_work_use/maven/maven_repo/org/springframework/spring-aop/5.2.2.RELEASE/spring-aop-5.2.2.RELEASE.jar:/Users/mastercgx/JavaEE_work_use/maven/maven_repo/org/springframework/spring-context/5.2.2.RELEASE/spring-context-5.2.2.RELEASE.jar:/Users/mastercgx/JavaEE_work_use/maven/maven_repo/org/springframework/spring-expression/5.2.2.RELEASE/spring-expression-5.2.2.RELEASE.jar:/Users/mastercgx/JavaEE_work_use/maven/maven_repo/org/springframework/boot/spring-boot-starter-web-services/2.2.2.RELEASE/spring-boot-starter-web-services-2.2.2.RELEASE.jar:/Users/mastercgx/JavaEE_work_use/maven/maven_repo/com/sun/xml/messaging/saaj/saaj-impl/1.5.1/saaj-impl-1.5.1.jar:/Users/mastercgx/JavaEE_work_use/maven/maven_repo/jakarta/activation/jakarta.activation-api/1.2.1/jakarta.activation-api-1.2.1.jar:/Users/mastercgx/JavaEE_work_use/maven/maven_repo/jakarta/xml/soap/jakarta.xml.soap-api/1.4.1/jakarta.xml.soap-api-1.4.1.jar:/Users/mastercgx/JavaEE_work_use/maven/maven_repo/org/jvnet/mimepull/mimepull/1.9.12/mimepull-1.9.12.jar:/Users/mastercgx/JavaEE_work_use/maven/maven_repo/org/jvnet/staxex/stax-ex/1.8.1/stax-ex-1.8.1.jar:/Users/mastercgx/JavaEE_work_use/maven/maven_repo/jakarta/xml/ws/jakarta.xml.ws-api/2.3.2/jakarta.xml.ws-api-2.3.2.jar:/Users/mastercgx/JavaEE_work_use/maven/maven_repo/jakarta/jws/jakarta.jws-api/1.1.1/jakarta.jws-api-1.1.1.jar:/Users/mastercgx/JavaEE_work_use/maven/maven_repo/org/springframework/spring-oxm/5.2.2.RELEASE/spring-oxm-5.2.2.RELEASE.jar:/Users/mastercgx/JavaEE_work_use/maven/maven_repo/org/springframework/ws/spring-ws-core/3.0.8.RELEASE/spring-ws-core-3.0.8.RELEASE.jar:/Users/mastercgx/JavaEE_work_use/maven/maven_repo/org/springframework/ws/spring-xml/3.0.8.RELEASE/spring-xml-3.0.8.RELEASE.jar:/Users/mastercgx/JavaEE_work_use/maven/maven_repo/org/mybatis/spring/boot/mybatis-spring-boot-starter/2.1.1/mybatis-spring-boot-starter-2.1.1.jar:/Users/mastercgx/JavaEE_work_use/maven/maven_repo/org/springframework/boot/spring-boot-starter-jdbc/2.2.2.RELEASE/spring-boot-starter-jdbc-2.2.2.RELEASE.jar:/Users/mastercgx/JavaEE_work_use/maven/maven_repo/com/zaxxer/HikariCP/3.4.1/HikariCP-3.4.1.jar:/Users/mastercgx/JavaEE_work_use/maven/maven_repo/org/springframework/spring-jdbc/5.2.2.RELEASE/spring-jdbc-5.2.2.RELEASE.jar:/Users/mastercgx/JavaEE_work_use/maven/maven_repo/org/springframework/spring-tx/5.2.2.RELEASE/spring-tx-5.2.2.RELEASE.jar:/Users/mastercgx/JavaEE_work_use/maven/maven_repo/org/mybatis/spring/boot/mybatis-spring-boot-autoconfigure/2.1.1/mybatis-spring-boot-autoconfigure-2.1.1.jar:/Users/mastercgx/JavaEE_work_use/maven/maven_repo/org/mybatis/mybatis/3.5.3/mybatis-3.5.3.jar:/Users/mastercgx/JavaEE_work_use/maven/maven_repo/org/mybatis/mybatis-spring/2.0.3/mybatis-spring-2.0.3.jar:/Users/mastercgx/JavaEE_work_use/maven/maven_repo/org/springframework/boot/spring-boot-devtools/2.2.2.RELEASE/spring-boot-devtools-2.2.2.RELEASE.jar:/Users/mastercgx/JavaEE_work_use/maven/maven_repo/org/springframework/boot/spring-boot/2.2.2.RELEASE/spring-boot-2.2.2.RELEASE.jar:/Users/mastercgx/JavaEE_work_use/maven/maven_repo/org/springframework/boot/spring-boot-autoconfigure/2.2.2.RELEASE/spring-boot-autoconfigure-2.2.2.RELEASE.jar:/Users/mastercgx/JavaEE_work_use/maven/maven_repo/mysql/mysql-connector-java/8.0.18/mysql-connector-java-8.0.18.jar:/Users/mastercgx/JavaEE_work_use/maven/maven_repo/org/springframework/boot/spring-boot-starter-test/2.2.2.RELEASE/spring-boot-starter-test-2.2.2.RELEASE.jar:/Users/mastercgx/JavaEE_work_use/maven/maven_repo/org/springframework/boot/spring-boot-test/2.2.2.RELEASE/spring-boot-test-2.2.2.RELEASE.jar:/Users/mastercgx/JavaEE_work_use/maven/maven_repo/org/springframework/boot/spring-boot-test-autoconfigure/2.2.2.RELEASE/spring-boot-test-autoconfigure-2.2.2.RELEASE.jar:/Users/mastercgx/JavaEE_work_use/maven/maven_repo/com/jayway/jsonpath/json-path/2.4.0/json-path-2.4.0.jar:/Users/mastercgx/JavaEE_work_use/maven/maven_repo/net/minidev/json-smart/2.3/json-smart-2.3.jar:/Users/mastercgx/JavaEE_work_use/maven/maven_repo/net/minidev/accessors-smart/1.2/accessors-smart-1.2.jar:/Users/mastercgx/JavaEE_work_use/maven/maven_repo/org/ow2/asm/asm/5.0.4/asm-5.0.4.jar:/Users/mastercgx/JavaEE_work_use/maven/maven_repo/org/slf4j/slf4j-api/1.7.29/slf4j-api-1.7.29.jar:/Users/mastercgx/JavaEE_work_use/maven/maven_repo/jakarta/xml/bind/jakarta.xml.bind-api/2.3.2/jakarta.xml.bind-api-2.3.2.jar:/Users/mastercgx/JavaEE_work_use/maven/maven_repo/org/junit/jupiter/junit-jupiter/5.5.2/junit-jupiter-5.5.2.jar:/Users/mastercgx/JavaEE_work_use/maven/maven_repo/org/junit/jupiter/junit-jupiter-api/5.5.2/junit-jupiter-api-5.5.2.jar:/Users/mastercgx/JavaEE_work_use/maven/maven_repo/org/apiguardian/apiguardian-api/1.1.0/apiguardian-api-1.1.0.jar:/Users/mastercgx/JavaEE_work_use/maven/maven_repo/org/opentest4j/opentest4j/1.2.0/opentest4j-1.2.0.jar:/Users/mastercgx/JavaEE_work_use/maven/maven_repo/org/junit/platform/junit-platform-commons/1.5.2/junit-platform-commons-1.5.2.jar:/Users/mastercgx/JavaEE_work_use/maven/maven_repo/org/junit/jupiter/junit-jupiter-params/5.5.2/junit-jupiter-params-5.5.2.jar:/Users/mastercgx/JavaEE_work_use/maven/maven_repo/org/junit/jupiter/junit-jupiter-engine/5.5.2/junit-jupiter-engine-5.5.2.jar:/Users/mastercgx/JavaEE_work_use/maven/maven_repo/org/junit/platform/junit-platform-engine/1.5.2/junit-platform-engine-1.5.2.jar:/Users/mastercgx/JavaEE_work_use/maven/maven_repo/org/mockito/mockito-junit-jupiter/3.1.0/mockito-junit-jupiter-3.1.0.jar:/Users/mastercgx/JavaEE_work_use/maven/maven_repo/org/assertj/assertj-core/3.13.2/assertj-core-3.13.2.jar:/Users/mastercgx/JavaEE_work_use/maven/maven_repo/org/hamcrest/hamcrest/2.1/hamcrest-2.1.jar:/Users/mastercgx/JavaEE_work_use/maven/maven_repo/org/mockito/mockito-core/3.1.0/mockito-core-3.1.0.jar:/Users/mastercgx/JavaEE_work_use/maven/maven_repo/net/bytebuddy/byte-buddy/1.10.4/byte-buddy-1.10.4.jar:/Users/mastercgx/JavaEE_work_use/maven/maven_repo/net/bytebuddy/byte-buddy-agent/1.10.4/byte-buddy-agent-1.10.4.jar:/Users/mastercgx/JavaEE_work_use/maven/maven_repo/org/objenesis/objenesis/2.6/objenesis-2.6.jar:/Users/mastercgx/JavaEE_work_use/maven/maven_repo/org/skyscreamer/jsonassert/1.5.0/jsonassert-1.5.0.jar:/Users/mastercgx/JavaEE_work_use/maven/maven_repo/com/vaadin/external/google/android-json/0.0.20131108.vaadin1/android-json-0.0.20131108.vaadin1.jar:/Users/mastercgx/JavaEE_work_use/maven/maven_repo/org/springframework/spring-core/5.2.2.RELEASE/spring-core-5.2.2.RELEASE.jar:/Users/mastercgx/JavaEE_work_use/maven/maven_repo/org/springframework/spring-jcl/5.2.2.RELEASE/spring-jcl-5.2.2.RELEASE.jar:/Users/mastercgx/JavaEE_work_use/maven/maven_repo/org/springframework/spring-test/5.2.2.RELEASE/spring-test-5.2.2.RELEASE.jar:/Users/mastercgx/JavaEE_work_use/maven/maven_repo/org/xmlunit/xmlunit-core/2.6.3/xmlunit-core-2.6.3.jar:/Users/mastercgx/JavaEE_work_use/maven/maven_repo/org/apache/tomcat/embed/tomcat-embed-jasper/9.0.29/tomcat-embed-jasper-9.0.29.jar:/Users/mastercgx/JavaEE_work_use/maven/maven_repo/org/apache/tomcat/embed/tomcat-embed-core/9.0.29/tomcat-embed-core-9.0.29.jar:/Users/mastercgx/JavaEE_work_use/maven/maven_repo/org/apache/tomcat/tomcat-annotations-api/9.0.29/tomcat-annotations-api-9.0.29.jar:/Users/mastercgx/JavaEE_work_use/maven/maven_repo/org/apache/tomcat/embed/tomcat-embed-el/9.0.29/tomcat-embed-el-9.0.29.jar:/Users/mastercgx/JavaEE_work_use/maven/maven_repo/org/eclipse/jdt/ecj/3.18.0/ecj-3.18.0.jar:/Users/mastercgx/JavaEE_work_use/maven/maven_repo/javax/servlet/javax.servlet-api/4.0.1/javax.servlet-api-4.0.1.jar:/Users/mastercgx/JavaEE_work_use/maven/maven_repo/javax/servlet/jstl/1.2/jstl-1.2.jar:"/>
    <property name="java.vm.vendor" value="Oracle Corporation"/>
    <property name="sun.arch.data.model" value="64"/>
    <property name="java.vendor.url" value="http://java.oracle.com/"/>
    <property name="user.timezone" value=""/>
    <property name="java.vm.specification.version" value="1.8"/>
    <property name="os.name" value="Mac OS X"/>
    <property name="user.country" value="CN"/>
    <property name="sun.java.launcher" value="SUN_STANDARD"/>
    <property name="sun.boot.library.path" value="/Library/Java/JavaVirtualMachines/jdk1.8.0_231.jdk/Contents/Home/jre/lib"/>
    <property name="sun.java.command" value="/Users/mastercgx/eclipse/macwork/OM_project/target/surefire/surefirebooter8882311548761089675.jar /Users/mastercgx/eclipse/macwork/OM_project/target/surefire 2020-01-17T23-34-54_246-jvmRun1 surefire3933531705462787112tmp surefire_03456925371818318455tmp"/>
    <property name="http.nonProxyHosts" value="local|*.local|169.254/16|*.169.254/16"/>
    <property name="surefire.test.class.path" value="/Users/mastercgx/eclipse/macwork/OM_project/target/test-classes:/Users/mastercgx/eclipse/macwork/OM_project/target/classes:/Users/mastercgx/JavaEE_work_use/maven/maven_repo/org/springframework/boot/spring-boot-starter-web/2.2.2.RELEASE/spring-boot-starter-web-2.2.2.RELEASE.jar:/Users/mastercgx/JavaEE_work_use/maven/maven_repo/org/springframework/boot/spring-boot-starter/2.2.2.RELEASE/spring-boot-starter-2.2.2.RELEASE.jar:/Users/mastercgx/JavaEE_work_use/maven/maven_repo/org/springframework/boot/spring-boot-starter-logging/2.2.2.RELEASE/spring-boot-starter-logging-2.2.2.RELEASE.jar:/Users/mastercgx/JavaEE_work_use/maven/maven_repo/ch/qos/logback/logback-classic/1.2.3/logback-classic-1.2.3.jar:/Users/mastercgx/JavaEE_work_use/maven/maven_repo/ch/qos/logback/logback-core/1.2.3/logback-core-1.2.3.jar:/Users/mastercgx/JavaEE_work_use/maven/maven_repo/org/apache/logging/log4j/log4j-to-slf4j/2.12.1/log4j-to-slf4j-2.12.1.jar:/Users/mastercgx/JavaEE_work_use/maven/maven_repo/org/apache/logging/log4j/log4j-api/2.12.1/log4j-api-2.12.1.jar:/Users/mastercgx/JavaEE_work_use/maven/maven_repo/org/slf4j/jul-to-slf4j/1.7.29/jul-to-slf4j-1.7.29.jar:/Users/mastercgx/JavaEE_work_use/maven/maven_repo/jakarta/annotation/jakarta.annotation-api/1.3.5/jakarta.annotation-api-1.3.5.jar:/Users/mastercgx/JavaEE_work_use/maven/maven_repo/org/yaml/snakeyaml/1.25/snakeyaml-1.25.jar:/Users/mastercgx/JavaEE_work_use/maven/maven_repo/org/springframework/boot/spring-boot-starter-json/2.2.2.RELEASE/spring-boot-starter-json-2.2.2.RELEASE.jar:/Users/mastercgx/JavaEE_work_use/maven/maven_repo/com/fasterxml/jackson/core/jackson-databind/2.10.1/jackson-databind-2.10.1.jar:/Users/mastercgx/JavaEE_work_use/maven/maven_repo/com/fasterxml/jackson/core/jackson-annotations/2.10.1/jackson-annotations-2.10.1.jar:/Users/mastercgx/JavaEE_work_use/maven/maven_repo/com/fasterxml/jackson/core/jackson-core/2.10.1/jackson-core-2.10.1.jar:/Users/mastercgx/JavaEE_work_use/maven/maven_repo/com/fasterxml/jackson/datatype/jackson-datatype-jdk8/2.10.1/jackson-datatype-jdk8-2.10.1.jar:/Users/mastercgx/JavaEE_work_use/maven/maven_repo/com/fasterxml/jackson/datatype/jackson-datatype-jsr310/2.10.1/jackson-datatype-jsr310-2.10.1.jar:/Users/mastercgx/JavaEE_work_use/maven/maven_repo/com/fasterxml/jackson/module/jackson-module-parameter-names/2.10.1/jackson-module-parameter-names-2.10.1.jar:/Users/mastercgx/JavaEE_work_use/maven/maven_repo/org/springframework/boot/spring-boot-starter-tomcat/2.2.2.RELEASE/spring-boot-starter-tomcat-2.2.2.RELEASE.jar:/Users/mastercgx/JavaEE_work_use/maven/maven_repo/org/apache/tomcat/embed/tomcat-embed-websocket/9.0.29/tomcat-embed-websocket-9.0.29.jar:/Users/mastercgx/JavaEE_work_use/maven/maven_repo/org/springframework/boot/spring-boot-starter-validation/2.2.2.RELEASE/spring-boot-starter-validation-2.2.2.RELEASE.jar:/Users/mastercgx/JavaEE_work_use/maven/maven_repo/jakarta/validation/jakarta.validation-api/2.0.1/jakarta.validation-api-2.0.1.jar:/Users/mastercgx/JavaEE_work_use/maven/maven_repo/org/hibernate/validator/hibernate-validator/6.0.18.Final/hibernate-validator-6.0.18.Final.jar:/Users/mastercgx/JavaEE_work_use/maven/maven_repo/org/jboss/logging/jboss-logging/3.4.1.Final/jboss-logging-3.4.1.Final.jar:/Users/mastercgx/JavaEE_work_use/maven/maven_repo/com/fasterxml/classmate/1.5.1/classmate-1.5.1.jar:/Users/mastercgx/JavaEE_work_use/maven/maven_repo/org/springframework/spring-web/5.2.2.RELEASE/spring-web-5.2.2.RELEASE.jar:/Users/mastercgx/JavaEE_work_use/maven/maven_repo/org/springframework/spring-beans/5.2.2.RELEASE/spring-beans-5.2.2.RELEASE.jar:/Users/mastercgx/JavaEE_work_use/maven/maven_repo/org/springframework/spring-webmvc/5.2.2.RELEASE/spring-webmvc-5.2.2.RELEASE.jar:/Users/mastercgx/JavaEE_work_use/maven/maven_repo/org/springframework/spring-aop/5.2.2.RELEASE/spring-aop-5.2.2.RELEASE.jar:/Users/mastercgx/JavaEE_work_use/maven/maven_repo/org/springframework/spring-context/5.2.2.RELEASE/spring-context-5.2.2.RELEASE.jar:/Users/mastercgx/JavaEE_work_use/maven/maven_repo/org/springframework/spring-expression/5.2.2.RELEASE/spring-expression-5.2.2.RELEASE.jar:/Users/mastercgx/JavaEE_work_use/maven/maven_repo/org/springframework/boot/spring-boot-starter-web-services/2.2.2.RELEASE/spring-boot-starter-web-services-2.2.2.RELEASE.jar:/Users/mastercgx/JavaEE_work_use/maven/maven_repo/com/sun/xml/messaging/saaj/saaj-impl/1.5.1/saaj-impl-1.5.1.jar:/Users/mastercgx/JavaEE_work_use/maven/maven_repo/jakarta/activation/jakarta.activation-api/1.2.1/jakarta.activation-api-1.2.1.jar:/Users/mastercgx/JavaEE_work_use/maven/maven_repo/jakarta/xml/soap/jakarta.xml.soap-api/1.4.1/jakarta.xml.soap-api-1.4.1.jar:/Users/mastercgx/JavaEE_work_use/maven/maven_repo/org/jvnet/mimepull/mimepull/1.9.12/mimepull-1.9.12.jar:/Users/mastercgx/JavaEE_work_use/maven/maven_repo/org/jvnet/staxex/stax-ex/1.8.1/stax-ex-1.8.1.jar:/Users/mastercgx/JavaEE_work_use/maven/maven_repo/jakarta/xml/ws/jakarta.xml.ws-api/2.3.2/jakarta.xml.ws-api-2.3.2.jar:/Users/mastercgx/JavaEE_work_use/maven/maven_repo/jakarta/jws/jakarta.jws-api/1.1.1/jakarta.jws-api-1.1.1.jar:/Users/mastercgx/JavaEE_work_use/maven/maven_repo/org/springframework/spring-oxm/5.2.2.RELEASE/spring-oxm-5.2.2.RELEASE.jar:/Users/mastercgx/JavaEE_work_use/maven/maven_repo/org/springframework/ws/spring-ws-core/3.0.8.RELEASE/spring-ws-core-3.0.8.RELEASE.jar:/Users/mastercgx/JavaEE_work_use/maven/maven_repo/org/springframework/ws/spring-xml/3.0.8.RELEASE/spring-xml-3.0.8.RELEASE.jar:/Users/mastercgx/JavaEE_work_use/maven/maven_repo/org/mybatis/spring/boot/mybatis-spring-boot-starter/2.1.1/mybatis-spring-boot-starter-2.1.1.jar:/Users/mastercgx/JavaEE_work_use/maven/maven_repo/org/springframework/boot/spring-boot-starter-jdbc/2.2.2.RELEASE/spring-boot-starter-jdbc-2.2.2.RELEASE.jar:/Users/mastercgx/JavaEE_work_use/maven/maven_repo/com/zaxxer/HikariCP/3.4.1/HikariCP-3.4.1.jar:/Users/mastercgx/JavaEE_work_use/maven/maven_repo/org/springframework/spring-jdbc/5.2.2.RELEASE/spring-jdbc-5.2.2.RELEASE.jar:/Users/mastercgx/JavaEE_work_use/maven/maven_repo/org/springframework/spring-tx/5.2.2.RELEASE/spring-tx-5.2.2.RELEASE.jar:/Users/mastercgx/JavaEE_work_use/maven/maven_repo/org/mybatis/spring/boot/mybatis-spring-boot-autoconfigure/2.1.1/mybatis-spring-boot-autoconfigure-2.1.1.jar:/Users/mastercgx/JavaEE_work_use/maven/maven_repo/org/mybatis/mybatis/3.5.3/mybatis-3.5.3.jar:/Users/mastercgx/JavaEE_work_use/maven/maven_repo/org/mybatis/mybatis-spring/2.0.3/mybatis-spring-2.0.3.jar:/Users/mastercgx/JavaEE_work_use/maven/maven_repo/org/springframework/boot/spring-boot-devtools/2.2.2.RELEASE/spring-boot-devtools-2.2.2.RELEASE.jar:/Users/mastercgx/JavaEE_work_use/maven/maven_repo/org/springframework/boot/spring-boot/2.2.2.RELEASE/spring-boot-2.2.2.RELEASE.jar:/Users/mastercgx/JavaEE_work_use/maven/maven_repo/org/springframework/boot/spring-boot-autoconfigure/2.2.2.RELEASE/spring-boot-autoconfigure-2.2.2.RELEASE.jar:/Users/mastercgx/JavaEE_work_use/maven/maven_repo/mysql/mysql-connector-java/8.0.18/mysql-connector-java-8.0.18.jar:/Users/mastercgx/JavaEE_work_use/maven/maven_repo/org/springframework/boot/spring-boot-starter-test/2.2.2.RELEASE/spring-boot-starter-test-2.2.2.RELEASE.jar:/Users/mastercgx/JavaEE_work_use/maven/maven_repo/org/springframework/boot/spring-boot-test/2.2.2.RELEASE/spring-boot-test-2.2.2.RELEASE.jar:/Users/mastercgx/JavaEE_work_use/maven/maven_repo/org/springframework/boot/spring-boot-test-autoconfigure/2.2.2.RELEASE/spring-boot-test-autoconfigure-2.2.2.RELEASE.jar:/Users/mastercgx/JavaEE_work_use/maven/maven_repo/com/jayway/jsonpath/json-path/2.4.0/json-path-2.4.0.jar:/Users/mastercgx/JavaEE_work_use/maven/maven_repo/net/minidev/json-smart/2.3/json-smart-2.3.jar:/Users/mastercgx/JavaEE_work_use/maven/maven_repo/net/minidev/accessors-smart/1.2/accessors-smart-1.2.jar:/Users/mastercgx/JavaEE_work_use/maven/maven_repo/org/ow2/asm/asm/5.0.4/asm-5.0.4.jar:/Users/mastercgx/JavaEE_work_use/maven/maven_repo/org/slf4j/slf4j-api/1.7.29/slf4j-api-1.7.29.jar:/Users/mastercgx/JavaEE_work_use/maven/maven_repo/jakarta/xml/bind/jakarta.xml.bind-api/2.3.2/jakarta.xml.bind-api-2.3.2.jar:/Users/mastercgx/JavaEE_work_use/maven/maven_repo/org/junit/jupiter/junit-jupiter/5.5.2/junit-jupiter-5.5.2.jar:/Users/mastercgx/JavaEE_work_use/maven/maven_repo/org/junit/jupiter/junit-jupiter-api/5.5.2/junit-jupiter-api-5.5.2.jar:/Users/mastercgx/JavaEE_work_use/maven/maven_repo/org/apiguardian/apiguardian-api/1.1.0/apiguardian-api-1.1.0.jar:/Users/mastercgx/JavaEE_work_use/maven/maven_repo/org/opentest4j/opentest4j/1.2.0/opentest4j-1.2.0.jar:/Users/mastercgx/JavaEE_work_use/maven/maven_repo/org/junit/platform/junit-platform-commons/1.5.2/junit-platform-commons-1.5.2.jar:/Users/mastercgx/JavaEE_work_use/maven/maven_repo/org/junit/jupiter/junit-jupiter-params/5.5.2/junit-jupiter-params-5.5.2.jar:/Users/mastercgx/JavaEE_work_use/maven/maven_repo/org/junit/jupiter/junit-jupiter-engine/5.5.2/junit-jupiter-engine-5.5.2.jar:/Users/mastercgx/JavaEE_work_use/maven/maven_repo/org/junit/platform/junit-platform-engine/1.5.2/junit-platform-engine-1.5.2.jar:/Users/mastercgx/JavaEE_work_use/maven/maven_repo/org/mockito/mockito-junit-jupiter/3.1.0/mockito-junit-jupiter-3.1.0.jar:/Users/mastercgx/JavaEE_work_use/maven/maven_repo/org/assertj/assertj-core/3.13.2/assertj-core-3.13.2.jar:/Users/mastercgx/JavaEE_work_use/maven/maven_repo/org/hamcrest/hamcrest/2.1/hamcrest-2.1.jar:/Users/mastercgx/JavaEE_work_use/maven/maven_repo/org/mockito/mockito-core/3.1.0/mockito-core-3.1.0.jar:/Users/mastercgx/JavaEE_work_use/maven/maven_repo/net/bytebuddy/byte-buddy/1.10.4/byte-buddy-1.10.4.jar:/Users/mastercgx/JavaEE_work_use/maven/maven_repo/net/bytebuddy/byte-buddy-agent/1.10.4/byte-buddy-agent-1.10.4.jar:/Users/mastercgx/JavaEE_work_use/maven/maven_repo/org/objenesis/objenesis/2.6/objenesis-2.6.jar:/Users/mastercgx/JavaEE_work_use/maven/maven_repo/org/skyscreamer/jsonassert/1.5.0/jsonassert-1.5.0.jar:/Users/mastercgx/JavaEE_work_use/maven/maven_repo/com/vaadin/external/google/android-json/0.0.20131108.vaadin1/android-json-0.0.20131108.vaadin1.jar:/Users/mastercgx/JavaEE_work_use/maven/maven_repo/org/springframework/spring-core/5.2.2.RELEASE/spring-core-5.2.2.RELEASE.jar:/Users/mastercgx/JavaEE_work_use/maven/maven_repo/org/springframework/spring-jcl/5.2.2.RELEASE/spring-jcl-5.2.2.RELEASE.jar:/Users/mastercgx/JavaEE_work_use/maven/maven_repo/org/springframework/spring-test/5.2.2.RELEASE/spring-test-5.2.2.RELEASE.jar:/Users/mastercgx/JavaEE_work_use/maven/maven_repo/org/xmlunit/xmlunit-core/2.6.3/xmlunit-core-2.6.3.jar:/Users/mastercgx/JavaEE_work_use/maven/maven_repo/org/apache/tomcat/embed/tomcat-embed-jasper/9.0.29/tomcat-embed-jasper-9.0.29.jar:/Users/mastercgx/JavaEE_work_use/maven/maven_repo/org/apache/tomcat/embed/tomcat-embed-core/9.0.29/tomcat-embed-core-9.0.29.jar:/Users/mastercgx/JavaEE_work_use/maven/maven_repo/org/apache/tomcat/tomcat-annotations-api/9.0.29/tomcat-annotations-api-9.0.29.jar:/Users/mastercgx/JavaEE_work_use/maven/maven_repo/org/apache/tomcat/embed/tomcat-embed-el/9.0.29/tomcat-embed-el-9.0.29.jar:/Users/mastercgx/JavaEE_work_use/maven/maven_repo/org/eclipse/jdt/ecj/3.18.0/ecj-3.18.0.jar:/Users/mastercgx/JavaEE_work_use/maven/maven_repo/javax/servlet/javax.servlet-api/4.0.1/javax.servlet-api-4.0.1.jar:/Users/mastercgx/JavaEE_work_use/maven/maven_repo/javax/servlet/jstl/1.2/jstl-1.2.jar:"/>
    <property name="sun.cpu.endian" value="little"/>
    <property name="user.home" value="/Users/mastercgx"/>
    <property name="user.language" value="zh"/>
    <property name="java.specification.vendor" value="Oracle Corporation"/>
    <property name="java.home" value="/Library/Java/JavaVirtualMachines/jdk1.8.0_231.jdk/Contents/Home/jre"/>
    <property name="basedir" value="/Users/mastercgx/eclipse/macwork/OM_project"/>
    <property name="file.separator" value="/"/>
    <property name="line.separator" value="&#10;"/>
    <property name="java.vm.specification.vendor" value="Oracle Corporation"/>
    <property name="java.specification.name" value="Java Platform API Specification"/>
    <property name="java.awt.graphicsenv" value="sun.awt.CGraphicsEnvironment"/>
    <property name="surefire.real.class.path" value="/Users/mastercgx/eclipse/macwork/OM_project/target/surefire/surefirebooter8882311548761089675.jar"/>
    <property name="sun.boot.class.path" value="/Library/Java/JavaVirtualMachines/jdk1.8.0_231.jdk/Contents/Home/jre/lib/resources.jar:/Library/Java/JavaVirtualMachines/jdk1.8.0_231.jdk/Contents/Home/jre/lib/rt.jar:/Library/Java/JavaVirtualMachines/jdk1.8.0_231.jdk/Contents/Home/jre/lib/sunrsasign.jar:/Library/Java/JavaVirtualMachines/jdk1.8.0_231.jdk/Contents/Home/jre/lib/jsse.jar:/Library/Java/JavaVirtualMachines/jdk1.8.0_231.jdk/Contents/Home/jre/lib/jce.jar:/Library/Java/JavaVirtualMachines/jdk1.8.0_231.jdk/Contents/Home/jre/lib/charsets.jar:/Library/Java/JavaVirtualMachines/jdk1.8.0_231.jdk/Contents/Home/jre/lib/jfr.jar:/Library/Java/JavaVirtualMachines/jdk1.8.0_231.jdk/Contents/Home/jre/classes"/>
    <property name="sun.management.compiler" value="HotSpot 64-Bit Tiered Compilers"/>
    <property name="ftp.nonProxyHosts" value="local|*.local|169.254/16|*.169.254/16"/>
    <property name="java.runtime.version" value="1.8.0_231-b11"/>
    <property name="user.name" value="mastercgx"/>
    <property name="path.separator" value=":"/>
    <property name="os.version" value="10.15.1"/>
    <property name="java.endorsed.dirs" value="/Library/Java/JavaVirtualMachines/jdk1.8.0_231.jdk/Contents/Home/jre/lib/endorsed"/>
    <property name="java.runtime.name" value="Java(TM) SE Runtime Environment"/>
    <property name="file.encoding" value="UTF-8"/>
    <property name="java.vm.name" value="Java HotSpot(TM) 64-Bit Server VM"/>
    <property name="localRepository" value="/Users/mastercgx/JavaEE_work_use/maven/maven_repo"/>
    <property name="java.vendor.url.bug" value="http://bugreport.sun.com/bugreport/"/>
    <property name="java.io.tmpdir" value="/var/folders/3h/7f9xk0355514gh78g_sbtl9c0000gn/T/"/>
    <property name="java.version" value="1.8.0_231"/>
    <property name="user.dir" value="/Users/mastercgx/eclipse/macwork/OM_project"/>
    <property name="os.arch" value="x86_64"/>
    <property name="java.vm.specification.name" value="Java Virtual Machine Specification"/>
    <property name="java.awt.printerjob" value="sun.lwawt.macosx.CPrinterJob"/>
    <property name="sun.os.patch.level" value="unknown"/>
    <property name="java.library.path" value="/Users/mastercgx/Library/Java/Extensions:/Library/Java/Extensions:/Network/Library/Java/Extensions:/System/Library/Java/Extensions:/usr/lib/java:."/>
    <property name="java.vm.info" value="mixed mode"/>
    <property name="java.vendor" value="Oracle Corporation"/>
    <property name="java.vm.version" value="25.231-b11"/>
    <property name="java.ext.dirs" value="/Users/mastercgx/Library/Java/Extensions:/Library/Java/JavaVirtualMachines/jdk1.8.0_231.jdk/Contents/Home/jre/lib/ext:/Library/Java/Extensions:/Network/Library/Java/Extensions:/System/Library/Java/Extensions:/usr/lib/java"/>
    <property name="sun.io.unicode.encoding" value="UnicodeBig"/>
    <property name="java.class.version" value="52.0"/>
    <property name="socksNonProxyHosts" value="local|*.local|169.254/16|*.169.254/16"/>
  </properties>
  <testcase name="contextLoads" classname="com.czp.project.OmProjectApplicationTests" time="0.122"/>
</testsuite>